---------------------------------------------------------------------
 A1 
---------------------------------------------------------------------
-- The C compiler identification is GNU 7.5.0
-- The CXX compiler identification is GNU 7.5.0
-- Check for working C compiler: /usr/bin/cc
-- Check for working C compiler: /usr/bin/cc -- works
-- Detecting C compiler ABI info
-- Detecting C compiler ABI info - done
-- Detecting C compile features
-- Detecting C compile features - done
-- Check for working CXX compiler: /usr/bin/c++
-- Check for working CXX compiler: /usr/bin/c++ -- works
-- Detecting CXX compiler ABI info
-- Detecting CXX compiler ABI info - done
-- Detecting CXX compile features
-- Detecting CXX compile features - done
-- Using CATKIN_DEVEL_PREFIX: /home/student/pfms_ws/devel
-- Using CMAKE_PREFIX_PATH: /home/student/pfms_ws/devel;/home/student/git/pfms/assignments/a3_pf_install;/home/student/ote_ws/devel;/home/student/realsense_ws/devel;/home/student/catkin_ws/devel;/opt/ros/melodic
-- This workspace overlays: /home/student/pfms_ws/devel;/home/student/git/pfms/assignments/a3_pf_install;/home/student/ote_ws/devel;/home/student/realsense_ws/devel;/home/student/catkin_ws/devel;/opt/ros/melodic
-- Found PythonInterp: /usr/bin/python2 (found suitable version "2.7.17", minimum required is "2") 
-- Using PYTHON_EXECUTABLE: /usr/bin/python2
-- Using Debian Python package layout
-- Using empy: /usr/bin/empy
-- Using CATKIN_ENABLE_TESTING: ON
-- Call enable_testing()
-- Using CATKIN_TEST_RESULTS_DIR: /home/student/pfms_ws/build/test_results
-- Found gtest sources under '/usr/src/googletest': gtests will be built
-- Found gmock sources under '/usr/src/googletest': gmock will be built
-- Found PythonInterp: /usr/bin/python2 (found version "2.7.17") 
-- Looking for pthread.h
-- Looking for pthread.h - found
-- Looking for pthread_create
-- Looking for pthread_create - not found
-- Looking for pthread_create in pthreads
-- Looking for pthread_create in pthreads - not found
-- Looking for pthread_create in pthread
-- Looking for pthread_create in pthread - found
-- Found Threads: TRUE  
-- Using Python nosetests: /usr/bin/nosetests-2.7
-- catkin 0.7.29
-- BUILD_SHARED_LIBS is on
-- BUILD_SHARED_LIBS is on
-- ~~~~~~~~~~~~~~~~~~~~~~~~~~~~~~~~~~~~~~~~~~~~~~~~~
-- ~~  traversing 2 packages in topological order:
-- ~~  - quiz5_a1
-- ~~  - quiz5_a2
-- ~~~~~~~~~~~~~~~~~~~~~~~~~~~~~~~~~~~~~~~~~~~~~~~~~
-- +++ processing catkin package: 'quiz5_a1'
-- ==> add_subdirectory(quiz5/a1)
-- Using these message generators: gencpp;geneus;genlisp;gennodejs;genpy
--  CMake C++ FLAGS -std=c++11  -Wno-deprecated -Wdeprecated-declarations
--  catkin_LIBRARIES /home/student/ote_ws/devel/lib/librosbag.so;/opt/ros/melodic/lib/librosbag_storage.so;/opt/ros/melodic/lib/libclass_loader.so;/usr/lib/libPocoFoundation.so;/usr/lib/x86_64-linux-gnu/libdl.so;/opt/ros/melodic/lib/libroslz4.so;/usr/lib/x86_64-linux-gnu/liblz4.so;/opt/ros/melodic/lib/libtopic_tools.so;/opt/ros/melodic/lib/libroscpp.so;/opt/ros/melodic/lib/librosconsole.so;/opt/ros/melodic/lib/librosconsole_log4cxx.so;/opt/ros/melodic/lib/librosconsole_backend_interface.so;/usr/lib/x86_64-linux-gnu/liblog4cxx.so;/usr/lib/x86_64-linux-gnu/libboost_regex.so;/opt/ros/melodic/lib/libroscpp_serialization.so;/opt/ros/melodic/lib/libxmlrpcpp.so;/opt/ros/melodic/lib/librostime.so;/opt/ros/melodic/lib/libcpp_common.so;/usr/lib/x86_64-linux-gnu/libboost_thread.so;/usr/lib/x86_64-linux-gnu/libboost_chrono.so;/usr/lib/x86_64-linux-gnu/libboost_date_time.so;/usr/lib/x86_64-linux-gnu/libboost_atomic.so;/usr/lib/x86_64-linux-gnu/libpthread.so;/usr/lib/x86_64-linux-gnu/libconsole_bridge.so.0.4;/opt/ros/melodic/lib/libroslib.so;/opt/ros/melodic/lib/librospack.so;/usr/lib/x86_64-linux-gnu/libpython2.7.so;/usr/lib/x86_64-linux-gnu/libboost_filesystem.so;/usr/lib/x86_64-linux-gnu/libboost_program_options.so;/usr/lib/x86_64-linux-gnu/libboost_system.so;/usr/lib/x86_64-linux-gnu/libtinyxml2.so
-- MARKING_TESTS
-- +++ processing catkin package: 'quiz5_a2'
-- ==> add_subdirectory(quiz5/a2)
-- Using these message generators: gencpp;geneus;genlisp;gennodejs;genpy
--  CMake C++ FLAGS -std=c++11  -Wno-deprecated -Wdeprecated-declarations
--  catkin_LIBRARIES /home/student/ote_ws/devel/lib/librosbag.so;/opt/ros/melodic/lib/librosbag_storage.so;/opt/ros/melodic/lib/libclass_loader.so;/usr/lib/libPocoFoundation.so;/usr/lib/x86_64-linux-gnu/libdl.so;/opt/ros/melodic/lib/libroslz4.so;/usr/lib/x86_64-linux-gnu/liblz4.so;/opt/ros/melodic/lib/libtopic_tools.so;/opt/ros/melodic/lib/libroscpp.so;/opt/ros/melodic/lib/librosconsole.so;/opt/ros/melodic/lib/librosconsole_log4cxx.so;/opt/ros/melodic/lib/librosconsole_backend_interface.so;/usr/lib/x86_64-linux-gnu/liblog4cxx.so;/usr/lib/x86_64-linux-gnu/libboost_regex.so;/opt/ros/melodic/lib/libroscpp_serialization.so;/opt/ros/melodic/lib/libxmlrpcpp.so;/opt/ros/melodic/lib/librostime.so;/opt/ros/melodic/lib/libcpp_common.so;/usr/lib/x86_64-linux-gnu/libboost_thread.so;/usr/lib/x86_64-linux-gnu/libboost_chrono.so;/usr/lib/x86_64-linux-gnu/libboost_date_time.so;/usr/lib/x86_64-linux-gnu/libboost_atomic.so;/usr/lib/x86_64-linux-gnu/libpthread.so;/usr/lib/x86_64-linux-gnu/libconsole_bridge.so.0.4;/opt/ros/melodic/lib/libroslib.so;/opt/ros/melodic/lib/librospack.so;/usr/lib/x86_64-linux-gnu/libpython2.7.so;/usr/lib/x86_64-linux-gnu/libboost_filesystem.so;/usr/lib/x86_64-linux-gnu/libboost_program_options.so;/usr/lib/x86_64-linux-gnu/libboost_system.so;/usr/lib/x86_64-linux-gnu/libtinyxml2.so
-- Configuring done
-- Generating done
-- Build files have been written to: /home/student/pfms_ws/build
Scanning dependencies of target quiz5_a2_ogmapprocessing
Scanning dependencies of target quiz5_a1_laserprocessing
Scanning dependencies of target gtest
[  8%] Building CXX object quiz5/a2/CMakeFiles/quiz5_a2_ogmapprocessing.dir/src/ogmapprocessing.cpp.o
[ 25%] Building CXX object gtest/googlemock/gtest/CMakeFiles/gtest.dir/src/gtest-all.cc.o
[ 25%] Building CXX object quiz5/a1/CMakeFiles/quiz5_a1_laserprocessing.dir/src/laserprocessing.cpp.o
[ 33%] Linking CXX shared library /home/student/pfms_ws/devel/lib/libquiz5_a2_ogmapprocessing.so
[ 33%] Built target quiz5_a2_ogmapprocessing
[ 41%] Linking CXX shared library /home/student/pfms_ws/devel/lib/libquiz5_a1_laserprocessing.so
[ 41%] Built target quiz5_a1_laserprocessing
[ 50%] Linking CXX shared library libgtest.so
[ 50%] Built target gtest
Scanning dependencies of target quiz5_a1_marking
Scanning dependencies of target quiz5_a1_test
Scanning dependencies of target quiz5_a2_test
[ 75%] Building CXX object quiz5/a1/CMakeFiles/quiz5_a1_marking.dir/marking/utest.cpp.o
[ 75%] Building CXX object quiz5/a2/CMakeFiles/quiz5_a2_test.dir/test/utest.cpp.o
[ 75%] Building CXX object quiz5/a1/CMakeFiles/quiz5_a1_test.dir/test/utest.cpp.o
[ 83%] Linking CXX executable /home/student/pfms_ws/devel/lib/quiz5_a2/quiz5_a2_test
[ 91%] Linking CXX executable /home/student/pfms_ws/devel/lib/quiz5_a1/quiz5_a1_test
[100%] Linking CXX executable /home/student/pfms_ws/devel/lib/quiz5_a1/quiz5_a1_marking
[100%] Built target quiz5_a2_test
[100%] Built target quiz5_a1_test
[100%] Built target quiz5_a1_marking
Scanning dependencies of target tests
[100%] Built target tests
[ 66%] Built target gtest
[ 66%] Built target quiz5_a1_laserprocessing
[100%] Built target quiz5_a1_marking
Base path: /home/student/pfms_ws
Source space: /home/student/pfms_ws/src
Build space: /home/student/pfms_ws/build
Devel space: /home/student/pfms_ws/devel
Install space: /home/student/pfms_ws/install
####
#### Running command: "cmake /home/student/pfms_ws/src -DCATKIN_DEVEL_PREFIX=/home/student/pfms_ws/devel -DCMAKE_INSTALL_PREFIX=/home/student/pfms_ws/install -G Unix Makefiles" in "/home/student/pfms_ws/build"
####
####
#### Running command: "make tests quiz5_a1_marking -j12 -l12" in "/home/student/pfms_ws/build"
####
---------------------------------------------------------------------
Executing marking test part A1
---------------------------------------------------------------------
[==========] Running 4 tests from 1 test case.
[----------] Global test environment set-up.
[----------] 4 tests from LaserProcessing
[ RUN      ] LaserProcessing.CountHighIntensity
[       OK ] LaserProcessing.CountHighIntensity (25 ms)
[ RUN      ] LaserProcessing.CountSegments
/home/student/pfms_ws/src/quiz5/a1/marking/utest.cpp:134: Failure
Expected: (count) < (6), actual: 43 vs 6
[  FAILED  ] LaserProcessing.CountSegments (2 ms)
[ RUN      ] LaserProcessing.DetectPositon
[       OK ] LaserProcessing.DetectPositon (1 ms)
[ RUN      ] LaserProcessing.DetectPose
unknown file: Failure
C++ exception with description "std::bad_alloc" thrown in the test body.
[  FAILED  ] LaserProcessing.DetectPose (41670 ms)
[----------] 4 tests from LaserProcessing (41698 ms total)

[----------] Global test environment tear-down
[==========] 4 tests from 1 test case ran. (41699 ms total)
[  PASSED  ] 2 tests.
[  FAILED  ] 2 tests, listed below:
[  FAILED  ] LaserProcessing.CountSegments
[  FAILED  ] LaserProcessing.DetectPose

 2 FAILED TESTS
---------------------------------------------------------------------
---------------------------------------------------------------------
 A2 
---------------------------------------------------------------------
-- Using CATKIN_DEVEL_PREFIX: /home/student/pfms_ws/devel
-- Using CMAKE_PREFIX_PATH: /home/student/pfms_ws/devel;/home/student/git/pfms/assignments/a3_pf_install;/home/student/ote_ws/devel;/home/student/realsense_ws/devel;/home/student/catkin_ws/devel;/opt/ros/melodic
-- This workspace overlays: /home/student/pfms_ws/devel;/home/student/git/pfms/assignments/a3_pf_install;/home/student/ote_ws/devel;/home/student/realsense_ws/devel;/home/student/catkin_ws/devel;/opt/ros/melodic
-- Found PythonInterp: /usr/bin/python2 (found suitable version "2.7.17", minimum required is "2") 
-- Using PYTHON_EXECUTABLE: /usr/bin/python2
-- Using Debian Python package layout
-- Using empy: /usr/bin/empy
-- Using CATKIN_ENABLE_TESTING: ON
-- Call enable_testing()
-- Using CATKIN_TEST_RESULTS_DIR: /home/student/pfms_ws/build/test_results
-- Found gtest sources under '/usr/src/googletest': gtests will be built
-- Found gmock sources under '/usr/src/googletest': gmock will be built
-- Found PythonInterp: /usr/bin/python2 (found version "2.7.17") 
-- Using Python nosetests: /usr/bin/nosetests-2.7
-- catkin 0.7.29
-- BUILD_SHARED_LIBS is on
-- BUILD_SHARED_LIBS is on
-- ~~~~~~~~~~~~~~~~~~~~~~~~~~~~~~~~~~~~~~~~~~~~~~~~~
-- ~~  traversing 2 packages in topological order:
-- ~~  - quiz5_a1
-- ~~  - quiz5_a2
-- ~~~~~~~~~~~~~~~~~~~~~~~~~~~~~~~~~~~~~~~~~~~~~~~~~
-- +++ processing catkin package: 'quiz5_a1'
-- ==> add_subdirectory(quiz5/a1)
-- Using these message generators: gencpp;geneus;genlisp;gennodejs;genpy
--  CMake C++ FLAGS -std=c++11  -Wno-deprecated -Wdeprecated-declarations
--  catkin_LIBRARIES /home/student/ote_ws/devel/lib/librosbag.so;/opt/ros/melodic/lib/librosbag_storage.so;/opt/ros/melodic/lib/libclass_loader.so;/usr/lib/libPocoFoundation.so;/usr/lib/x86_64-linux-gnu/libdl.so;/opt/ros/melodic/lib/libroslz4.so;/usr/lib/x86_64-linux-gnu/liblz4.so;/opt/ros/melodic/lib/libtopic_tools.so;/opt/ros/melodic/lib/libroscpp.so;/opt/ros/melodic/lib/librosconsole.so;/opt/ros/melodic/lib/librosconsole_log4cxx.so;/opt/ros/melodic/lib/librosconsole_backend_interface.so;/usr/lib/x86_64-linux-gnu/liblog4cxx.so;/usr/lib/x86_64-linux-gnu/libboost_regex.so;/opt/ros/melodic/lib/libroscpp_serialization.so;/opt/ros/melodic/lib/libxmlrpcpp.so;/opt/ros/melodic/lib/librostime.so;/opt/ros/melodic/lib/libcpp_common.so;/usr/lib/x86_64-linux-gnu/libboost_thread.so;/usr/lib/x86_64-linux-gnu/libboost_chrono.so;/usr/lib/x86_64-linux-gnu/libboost_date_time.so;/usr/lib/x86_64-linux-gnu/libboost_atomic.so;/usr/lib/x86_64-linux-gnu/libpthread.so;/usr/lib/x86_64-linux-gnu/libconsole_bridge.so.0.4;/opt/ros/melodic/lib/libroslib.so;/opt/ros/melodic/lib/librospack.so;/usr/lib/x86_64-linux-gnu/libpython2.7.so;/usr/lib/x86_64-linux-gnu/libboost_filesystem.so;/usr/lib/x86_64-linux-gnu/libboost_program_options.so;/usr/lib/x86_64-linux-gnu/libboost_system.so;/usr/lib/x86_64-linux-gnu/libtinyxml2.so
-- MARKING_TESTS
-- +++ processing catkin package: 'quiz5_a2'
-- ==> add_subdirectory(quiz5/a2)
-- Using these message generators: gencpp;geneus;genlisp;gennodejs;genpy
--  CMake C++ FLAGS -std=c++11  -Wno-deprecated -Wdeprecated-declarations
--  catkin_LIBRARIES /home/student/ote_ws/devel/lib/librosbag.so;/opt/ros/melodic/lib/librosbag_storage.so;/opt/ros/melodic/lib/libclass_loader.so;/usr/lib/libPocoFoundation.so;/usr/lib/x86_64-linux-gnu/libdl.so;/opt/ros/melodic/lib/libroslz4.so;/usr/lib/x86_64-linux-gnu/liblz4.so;/opt/ros/melodic/lib/libtopic_tools.so;/opt/ros/melodic/lib/libroscpp.so;/opt/ros/melodic/lib/librosconsole.so;/opt/ros/melodic/lib/librosconsole_log4cxx.so;/opt/ros/melodic/lib/librosconsole_backend_interface.so;/usr/lib/x86_64-linux-gnu/liblog4cxx.so;/usr/lib/x86_64-linux-gnu/libboost_regex.so;/opt/ros/melodic/lib/libroscpp_serialization.so;/opt/ros/melodic/lib/libxmlrpcpp.so;/opt/ros/melodic/lib/librostime.so;/opt/ros/melodic/lib/libcpp_common.so;/usr/lib/x86_64-linux-gnu/libboost_thread.so;/usr/lib/x86_64-linux-gnu/libboost_chrono.so;/usr/lib/x86_64-linux-gnu/libboost_date_time.so;/usr/lib/x86_64-linux-gnu/libboost_atomic.so;/usr/lib/x86_64-linux-gnu/libpthread.so;/usr/lib/x86_64-linux-gnu/libconsole_bridge.so.0.4;/opt/ros/melodic/lib/libroslib.so;/opt/ros/melodic/lib/librospack.so;/usr/lib/x86_64-linux-gnu/libpython2.7.so;/usr/lib/x86_64-linux-gnu/libboost_filesystem.so;/usr/lib/x86_64-linux-gnu/libboost_program_options.so;/usr/lib/x86_64-linux-gnu/libboost_system.so;/usr/lib/x86_64-linux-gnu/libtinyxml2.so
-- MARKING_TESTS
-- Configuring done
-- Generating done
-- Build files have been written to: /home/student/pfms_ws/build
[ 42%] Built target quiz5_a1_laserprocessing
[ 42%] Built target quiz5_a2_ogmapprocessing
[ 42%] Built target gtest
Scanning dependencies of target quiz5_a2_marking
[ 57%] Built target quiz5_a2_test
[ 64%] Building CXX object quiz5/a2/CMakeFiles/quiz5_a2_marking.dir/marking/utest.cpp.o
[ 78%] Built target quiz5_a1_marking
[ 92%] Built target quiz5_a1_test
[100%] Linking CXX executable /home/student/pfms_ws/devel/lib/quiz5_a2/quiz5_a2_marking
[100%] Built target quiz5_a2_marking
[100%] Built target tests
[ 66%] Built target gtest
[ 66%] Built target quiz5_a2_ogmapprocessing
[100%] Built target quiz5_a2_marking
Base path: /home/student/pfms_ws
Source space: /home/student/pfms_ws/src
Build space: /home/student/pfms_ws/build
Devel space: /home/student/pfms_ws/devel
Install space: /home/student/pfms_ws/install
####
#### Running command: "make cmake_check_build_system" in "/home/student/pfms_ws/build"
####
####
#### Running command: "make tests quiz5_a2_marking -j12 -l12" in "/home/student/pfms_ws/build"
####
---------------------------------------------------------------------
Executing marking tests part A2
---------------------------------------------------------------------
[==========] Running 2 tests from 1 test case.
[----------] Global test environment set-up.
[----------] 2 tests from OgMapProcessing
[ RUN      ] OgMapProcessing.CountUnknownCells
[       OK ] OgMapProcessing.CountUnknownCells (21 ms)
[ RUN      ] OgMapProcessing.IsLocationFree
[       OK ] OgMapProcessing.IsLocationFree (3 ms)
[----------] 2 tests from OgMapProcessing (24 ms total)

[----------] Global test environment tear-down
[==========] 2 tests from 1 test case ran. (24 ms total)
[  PASSED  ] 2 tests.
---------------------------------------------------------------------
