---------------------------------------------------------------------
 A1 
---------------------------------------------------------------------
-- Configuring done
-- Generating done
-- Build files have been written to: /home/student/git/test/pfms-2021s-MkJAS/quizzes/quiz0/a1/build
[ 42%] Built target my_arrays
[ 71%] Built target arraysMarking
Scanning dependencies of target markingTest
[ 85%] Building CXX object marking/CMakeFiles/markingTest.dir/utest.cpp.o
[100%] Linking CXX executable markingTest
[100%] Built target markingTest
---------------------------------------------------------------------
Running tests...
Test project /home/student/git/test/pfms-2021s-MkJAS/quizzes/quiz0/a1/build
    Start 1: S0A1
1/1 Test #1: S0A1 .............................***Exception: SegFault  0.13 sec

0% tests passed, 1 tests failed out of 1

Total Test time (real) =   0.13 sec

The following tests FAILED:
	  1 - S0A1 (SEGFAULT)
Makefile:83: recipe for target 'test' failed
---------------------------------------------------------------------
[==========] Running 4 tests from 1 test case.
[----------] Global test environment set-up.
[----------] 4 tests from FunctionsTest
[ RUN      ] FunctionsTest.AssignArrayToVec
[       OK ] FunctionsTest.AssignArrayToVec (0 ms)
[ RUN      ] FunctionsTest.RemoveVecElementsGreaterThan
/home/student/git/test/pfms-2021s-MkJAS/quizzes/quiz0/a1/marking/utest.cpp:37: Failure
      Expected: myVec.size()
      Which is: 7
To be equal to: 5
[  FAILED  ] FunctionsTest.RemoveVecElementsGreaterThan (0 ms)
[ RUN      ] FunctionsTest.ComputeMeanAndStdDev
[       OK ] FunctionsTest.ComputeMeanAndStdDev (0 ms)
[ RUN      ] FunctionsTest.CopyVecElementsLessThan
**********************************************************************
---------------------------------------------------------------------
 A2 
---------------------------------------------------------------------
-- Configuring done
-- Generating done
-- Build files have been written to: /home/student/git/test/pfms-2021s-MkJAS/quizzes/quiz0/a2/build
[ 42%] Built target sample_ex
[ 71%] Built target sampleTest
Scanning dependencies of target markingTest
[ 85%] Building CXX object marking/CMakeFiles/markingTest.dir/utest.cpp.o
[100%] Linking CXX executable markingTest
[100%] Built target markingTest
---------------------------------------------------------------------
Running tests...
Test project /home/student/git/test/pfms-2021s-MkJAS/quizzes/quiz0/a2/build
    Start 1: S0A2
1/1 Test #1: S0A2 .............................   Passed    0.00 sec

100% tests passed, 0 tests failed out of 1

Total Test time (real) =   0.00 sec
---------------------------------------------------------------------
[==========] Running 2 tests from 1 test case.
[----------] Global test environment set-up.
[----------] 2 tests from ClassTest
[ RUN      ] ClassTest.CreateObject
[       OK ] ClassTest.CreateObject (0 ms)
[ RUN      ] ClassTest.FunctionalityObject
[       OK ] ClassTest.FunctionalityObject (0 ms)
[----------] 2 tests from ClassTest (0 ms total)

[----------] Global test environment tear-down
[==========] 2 tests from 1 test case ran. (0 ms total)
[  PASSED  ] 2 tests.
**********************************************************************
