---------------------------------------------------------------------
 A1 
---------------------------------------------------------------------
-- The C compiler identification is GNU 7.5.0
-- The CXX compiler identification is GNU 7.5.0
-- Check for working C compiler: /usr/bin/cc
-- Check for working C compiler: /usr/bin/cc -- works
-- Detecting C compiler ABI info
-- Detecting C compiler ABI info - done
-- Detecting C compile features
-- Detecting C compile features - done
-- Check for working CXX compiler: /usr/bin/c++
-- Check for working CXX compiler: /usr/bin/c++ -- works
-- Detecting CXX compiler ABI info
-- Detecting CXX compiler ABI info - done
-- Detecting CXX compile features
-- Detecting CXX compile features - done
-- Found OpenCV: /usr (found version "3.2.0") 
-- OpenCV version 3 
-- Looking for libray in /home/student/41012/2021S/quizzes/quiz4/pfms-2021s-MkJAS/quizzes/quiz4/a1/dep/lib/opencv3
-- Found GTest: /usr/src/gtest/libgtest.a  
-- The include for simulator is /home/student/41012/2021S/quizzes/quiz4/pfms-2021s-MkJAS/quizzes/quiz4/a1/dep/include
-- The include for simulator is /home/student/41012/2021S/quizzes/quiz4/pfms-2021s-MkJAS/quizzes/quiz4/a1/dep/include
-- Configuring done
-- Generating done
-- Build files have been written to: /home/student/41012/2021S/quizzes/quiz4/pfms-2021s-MkJAS/quizzes/quiz4/a1/build
Scanning dependencies of target analysis
[ 16%] Building CXX object CMakeFiles/analysis.dir/analysis.cpp.o
[ 33%] Linking CXX static library libanalysis.a
[ 33%] Built target analysis
Scanning dependencies of target tf2
[ 50%] Building CXX object CMakeFiles/tf2.dir/tf2.cpp.o
[ 66%] Linking CXX static library libtf2.a
[ 66%] Built target tf2
Scanning dependencies of target markingTest
[ 83%] Building CXX object marking/CMakeFiles/markingTest.dir/utest.cpp.o
[100%] Linking CXX executable markingTest
[100%] Built target markingTest
---------------------------------------------------------------------
Executing marking test part 1
---------------------------------------------------------------------
[==========] Running 4 tests from 3 test cases.
[----------] Global test environment set-up.
[----------] 1 test from Transforms
[ RUN      ] Transforms.Local2Global
[       OK ] Transforms.Local2Global (0 ms)
[----------] 1 test from Transforms (0 ms total)

[----------] 1 test from Transform
[ RUN      ] Transform.Global2Local
/home/student/41012/2021S/quizzes/quiz4/pfms-2021s-MkJAS/quizzes/quiz4/a1/marking/utest.cpp:60: Failure
The difference between rbComputed.range and rb.range is 2710.6521505436995, which exceeds 0.5, where
rbComputed.range evaluates to 5026.1021505436993,
rb.range evaluates to 2315.4499999999998, and
0.5 evaluates to 0.5.
/home/student/41012/2021S/quizzes/quiz4/pfms-2021s-MkJAS/quizzes/quiz4/a1/marking/utest.cpp:61: Failure
The difference between rbComputed.bearing and rb.bearing is 4.1373903529312415, which exceeds 1e-3, where
rbComputed.bearing evaluates to 5.4325703529312417,
rb.bearing evaluates to 1.29518, and
1e-3 evaluates to 0.001.
/home/student/41012/2021S/quizzes/quiz4/pfms-2021s-MkJAS/quizzes/quiz4/a1/marking/utest.cpp:70: Failure
The difference between rbComputed.range and rb.range is 863.13086662211344, which exceeds 0.5, where
rbComputed.range evaluates to 2909.3991333778868,
rb.range evaluates to 3772.5300000000002, and
0.5 evaluates to 0.5.
/home/student/41012/2021S/quizzes/quiz4/pfms-2021s-MkJAS/quizzes/quiz4/a1/marking/utest.cpp:71: Failure
The difference between rbComputed.bearing and rb.bearing is 1.5916409676394512, which exceeds 1e-3, where
rbComputed.bearing evaluates to 4.4034609676394512,
rb.bearing evaluates to 2.81182, and
1e-3 evaluates to 0.001.
/home/student/41012/2021S/quizzes/quiz4/pfms-2021s-MkJAS/quizzes/quiz4/a1/marking/utest.cpp:86: Failure
The difference between rbComputed.range and rb.range is 3098.7269316944976, which exceeds 0.5, where
rbComputed.range evaluates to 4438.9469316944978,
rb.range evaluates to 1340.22, and
0.5 evaluates to 0.5.
/home/student/41012/2021S/quizzes/quiz4/pfms-2021s-MkJAS/quizzes/quiz4/a1/marking/utest.cpp:87: Failure
The difference between rbComputed.bearing and rb.bearing is 1.1149070418885176, which exceeds 1e-3, where
rbComputed.bearing evaluates to 3.6808870418885178,
rb.bearing evaluates to 2.5659800000000001, and
1e-3 evaluates to 0.001.
[  FAILED  ] Transform.Global2Local (0 ms)
[----------] 1 test from Transform (0 ms total)

[----------] 2 tests from Analysis
[ RUN      ] Analysis.Time2Impact
[       OK ] Analysis.Time2Impact (0 ms)
[ RUN      ] Analysis.ExportGraph
[       OK ] Analysis.ExportGraph (0 ms)
[----------] 2 tests from Analysis (0 ms total)

[----------] Global test environment tear-down
[==========] 4 tests from 3 test cases ran. (0 ms total)
[  PASSED  ] 3 tests.
[  FAILED  ] 1 test, listed below:
[  FAILED  ] Transform.Global2Local

 1 FAILED TEST
---------------------------------------------------------------------
---------------------------------------------------------------------
 A2 
---------------------------------------------------------------------
-- The C compiler identification is GNU 7.5.0
-- The CXX compiler identification is GNU 7.5.0
-- Check for working C compiler: /usr/bin/cc
-- Check for working C compiler: /usr/bin/cc -- works
-- Detecting C compiler ABI info
-- Detecting C compiler ABI info - done
-- Detecting C compile features
-- Detecting C compile features - done
-- Check for working CXX compiler: /usr/bin/c++
-- Check for working CXX compiler: /usr/bin/c++ -- works
-- Detecting CXX compiler ABI info
-- Detecting CXX compiler ABI info - done
-- Detecting CXX compile features
-- Detecting CXX compile features - done
-- Using CATKIN_DEVEL_PREFIX: /home/student/41012/2021S/quizzes/quiz4/pfms-2021s-MkJAS/quizzes/quiz4/a2/build/devel
-- Using CMAKE_PREFIX_PATH: /home/student/git/pfms/assignments/a3_pf_install;/home/student/ote_ws/devel;/home/student/realsense_ws/devel;/home/student/catkin_ws/devel;/opt/ros/melodic
-- This workspace overlays: /home/student/git/pfms/assignments/a3_pf_install;/home/student/ote_ws/devel;/home/student/realsense_ws/devel;/home/student/catkin_ws/devel;/opt/ros/melodic
-- Found PythonInterp: /usr/bin/python2 (found suitable version "2.7.17", minimum required is "2") 
-- Using PYTHON_EXECUTABLE: /usr/bin/python2
-- Using Debian Python package layout
-- Using empy: /usr/bin/empy
-- Using CATKIN_ENABLE_TESTING: ON
-- Call enable_testing()
-- Using CATKIN_TEST_RESULTS_DIR: /home/student/41012/2021S/quizzes/quiz4/pfms-2021s-MkJAS/quizzes/quiz4/a2/build/test_results
-- Found gtest sources under '/usr/src/googletest': gtests will be built
-- Found gmock sources under '/usr/src/googletest': gmock will be built
-- Found PythonInterp: /usr/bin/python2 (found version "2.7.17") 
-- Looking for pthread.h
-- Looking for pthread.h - found
-- Looking for pthread_create
-- Looking for pthread_create - not found
-- Looking for pthread_create in pthreads
-- Looking for pthread_create in pthreads - not found
-- Looking for pthread_create in pthread
-- Looking for pthread_create in pthread - found
-- Found Threads: TRUE  
-- Using Python nosetests: /usr/bin/nosetests-2.7
-- catkin 0.7.29
-- BUILD_SHARED_LIBS is on
-- Using these message generators: gencpp;geneus;genlisp;gennodejs;genpy
-- Found GTest: /usr/src/gtest/libgtest.a  
-- Configuring done
-- Generating done
-- Build files have been written to: /home/student/41012/2021S/quizzes/quiz4/pfms-2021s-MkJAS/quizzes/quiz4/a2/build
----------------------------------------------------------------------
Making marking test
----------------------------------------------------------------------
Scanning dependencies of target analysis
[ 25%] Building CXX object CMakeFiles/analysis.dir/src/analysis.cpp.o
[ 50%] Linking CXX shared library devel/lib/libanalysis.so
[ 50%] Built target analysis
Scanning dependencies of target markingTest
[ 75%] Building CXX object marking/CMakeFiles/markingTest.dir/utest.cpp.o
[100%] Linking CXX executable ../devel/lib/quiz4_a2/markingTest
[100%] Built target markingTest
----------------------------------------------------------------------
---------------------------------------------------------------------
Executing tests distributed with quiz
---------------------------------------------------------------------
[==========] Running 2 tests from 1 test case.
[----------] Global test environment set-up.
[----------] 2 tests from AnalysisTest
[ RUN      ] AnalysisTest.CountCharecters
[       OK ] AnalysisTest.CountCharecters (0 ms)
[ RUN      ] AnalysisTest.MaxRangeTiming
/home/student/41012/2021S/quizzes/quiz4/pfms-2021s-MkJAS/quizzes/quiz4/a2/marking/utest.cpp:21: Failure
      Expected: num
      Which is: 52
To be equal to: 41012
[  FAILED  ] AnalysisTest.MaxRangeTiming (0 ms)
[----------] 2 tests from AnalysisTest (0 ms total)

[----------] Global test environment tear-down
[==========] 2 tests from 1 test case ran. (0 ms total)
[  PASSED  ] 1 test.
[  FAILED  ] 1 test, listed below:
[  FAILED  ] AnalysisTest.MaxRangeTiming

 1 FAILED TEST
---------------------------------------------------------------------
